[debug] > Exec(early(addDefaultCommands), None, None)
[debug] > Exec(addDefaultCommands, None, None)
[debug] > Exec(early(initialize), None, None)
[debug] > Exec(initialize, None, None)
[debug] > Exec(boot, None, None)
[debug] > Exec(writeSbtVersion, None, None)
[debug] > Exec(reload, None, None)
[debug] > Exec(sbtStashOnFailure, None, None)
[debug] > Exec(onFailure loadFailed, None, None)
[debug] > Exec(loadp, None, None)
[info] welcome to sbt 1.8.2 (Oracle Corporation Java 1.8.0_211)
[debug] Load.defaultLoad until apply took 128.5069ms
[debug]           Load.loadUnit: plugins took 178.7515ms
[debug]           Load.loadUnit: defsScala took 0.4745ms
[debug] [Loading] Scanning directory C:\Users\TeiTei\Documents\M2BI-2022\Big_Data\ProjetBigData_V4\project
[debug] [Loading] Found non-root projects 
[debug] [Loading] Done in C:\Users\TeiTei\Documents\M2BI-2022\Big_Data\ProjetBigData_V4\project, returning: ()
[debug] deducing auto plugins based on known facts Set(Atom(sbt.plugins.CorePlugin)) and clauses Clauses(Clause(Atom(sbt.plugins.JvmPlugin),Set(Atom(sbt.plugins.IvyPlugin)))
[debug] Clause(Atom(sbt.ScriptedPlugin),Set(Atom(sbt.plugins.JvmPlugin)))
[debug] Clause(Atom(sbt.plugins.SbtPlugin),Set(Atom(sbt.ScriptedPlugin)))
[debug] Clause(Atom(sbt.plugins.SemanticdbPlugin),Set(Atom(sbt.plugins.JvmPlugin)))
[debug] Clause(Atom(sbt.plugins.JUnitXmlReportPlugin),Set(Atom(sbt.plugins.JvmPlugin)))
[debug] Clause(Atom(sbt.plugins.MiniDependencyTreePlugin),Set(Atom(sbt.plugins.JvmPlugin)))
[debug] Clause(Atom(sbt.plugins.CorePlugin),Set(Atom(sbt.plugins.IvyPlugin)))
[debug] Clause(Atom(sbt.plugins.IvyPlugin),Set(Atom(sbt.plugins.JvmPlugin)))
[debug] Clause(Atom(sbt.plugins.JvmPlugin),Set(Atom(sbt.plugins.SemanticdbPlugin)))
[debug] Clause(Atom(sbt.plugins.JvmPlugin),Set(Atom(sbt.plugins.JUnitXmlReportPlugin)))
[debug] Clause(Atom(sbt.plugins.CorePlugin),Set(Atom(sbt.plugins.Giter8TemplatePlugin)))
[debug] Clause(Atom(sbt.plugins.JvmPlugin),Set(Atom(sbt.plugins.MiniDependencyTreePlugin))))
[debug]   :: deduced result: Matched(sbt.plugins.CorePlugin,sbt.plugins.Giter8TemplatePlugin,sbt.plugins.IvyPlugin,sbt.plugins.JvmPlugin,sbt.plugins.MiniDependencyTreePlugin,sbt.plugins.JUnitXmlReportPlugin,sbt.plugins.SemanticdbPlugin)
[debug] Plugins.deducer#function took 39.1144 ms
[debug]               Load.resolveProject(projetbigdata_v4-build) took 347.9432ms
[debug]             Load.loadTransitive: finalizeProject(Project(id projetbigdata_v4-build, base: C:\Users\TeiTei\Documents\M2BI-2022\Big_Data\ProjetBigData_V4\project, plugins: List(<none>))) took 790.1471ms
[debug] [Loading] Done in C:\Users\TeiTei\Documents\M2BI-2022\Big_Data\ProjetBigData_V4\project, returning: (projetbigdata_v4-build)
[debug]           Load.loadUnit: loadedProjectsRaw took 824.654ms
[debug]           Load.loadUnit: cleanEvalClasses took 0.6648ms
[debug]         Load.loadUnit(file:/C:/Users/TeiTei/Documents/M2BI-2022/Big_Data/ProjetBigData_V4/project/, ...) took 1016.8928ms
[debug]       Load.apply: load took 1390.9666ms
[debug]       Load.apply: resolveProjects took 13.6525ms
[debug]       Load.apply: finalTransforms took 169.7311ms
[debug]       Load.apply: config.delegates took 32.2886ms
[debug]       Load.apply: Def.make(settings)... took 738.4472ms
[debug]       Load.apply: structureIndex took 235.8366ms
[debug]       Load.apply: mkStreams took 2.8443ms
[info] loading project definition from C:\Users\TeiTei\Documents\M2BI-2022\Big_Data\ProjetBigData_V4\project
[debug] Running task... Cancel: Signal, check cycles: false, forcegc: true
[debug]     Load.loadUnit: plugins took 4267.5578ms
[debug]     Load.loadUnit: defsScala took 0.0086ms
[debug] [Loading] Scanning directory C:\Users\TeiTei\Documents\M2BI-2022\Big_Data\ProjetBigData_V4
[debug]       Load.loadUnit: mkEval took 10.7415ms
[debug] [Loading] Found root project root w/ remaining 
[debug] deducing auto plugins based on known facts Set(Atom(sbt.plugins.CorePlugin)) and clauses Clauses(Clause(Atom(sbt.plugins.JvmPlugin),Set(Atom(sbt.plugins.IvyPlugin)))
[debug] Clause(Atom(sbt.ScriptedPlugin),Set(Atom(sbt.plugins.JvmPlugin)))
[debug] Clause(Atom(sbt.plugins.SbtPlugin),Set(Atom(sbt.ScriptedPlugin)))
[debug] Clause(Atom(sbt.plugins.SemanticdbPlugin),Set(Atom(sbt.plugins.JvmPlugin)))
[debug] Clause(Atom(sbt.plugins.JUnitXmlReportPlugin),Set(Atom(sbt.plugins.JvmPlugin)))
[debug] Clause(Atom(sbt.plugins.MiniDependencyTreePlugin),Set(Atom(sbt.plugins.JvmPlugin)))
[debug] Clause(Atom(sbt.plugins.CorePlugin),Set(Atom(sbt.plugins.IvyPlugin)))
[debug] Clause(Atom(sbt.plugins.IvyPlugin),Set(Atom(sbt.plugins.JvmPlugin)))
[debug] Clause(Atom(sbt.plugins.JvmPlugin),Set(Atom(sbt.plugins.SemanticdbPlugin)))
[debug] Clause(Atom(sbt.plugins.JvmPlugin),Set(Atom(sbt.plugins.JUnitXmlReportPlugin)))
[debug] Clause(Atom(sbt.plugins.CorePlugin),Set(Atom(sbt.plugins.Giter8TemplatePlugin)))
[debug] Clause(Atom(sbt.plugins.JvmPlugin),Set(Atom(sbt.plugins.MiniDependencyTreePlugin))))
[debug]   :: deduced result: Matched(sbt.plugins.CorePlugin,sbt.plugins.Giter8TemplatePlugin,sbt.plugins.IvyPlugin,sbt.plugins.JvmPlugin,sbt.plugins.MiniDependencyTreePlugin,sbt.plugins.JUnitXmlReportPlugin,sbt.plugins.SemanticdbPlugin)
[debug] Plugins.deducer#function took 3.4463 ms
[info] loading settings for project root from build.sbt ...
[debug]         Load.resolveProject(root) took 5.3976ms
[debug]       Load.loadTransitive: finalizeProject(Project(id root, base: C:\Users\TeiTei\Documents\M2BI-2022\Big_Data\ProjetBigData_V4, plugins: List(<none>))) took 11.4268ms
[debug] [Loading] Done in C:\Users\TeiTei\Documents\M2BI-2022\Big_Data\ProjetBigData_V4, returning: (root)
[debug]     Load.loadUnit: loadedProjectsRaw took 5400.3022ms
[debug]     Load.loadUnit: cleanEvalClasses took 25.2771ms
[debug]   Load.loadUnit(file:/C:/Users/TeiTei/Documents/M2BI-2022/Big_Data/ProjetBigData_V4/, ...) took 9696.4879ms
[debug] Load.apply: load took 9729.7358ms
[debug] Load.apply: resolveProjects took 0.2166ms
[debug] Load.apply: finalTransforms took 17.9812ms
[debug] Load.apply: config.delegates took 0.7685ms
[debug] Load.apply: Def.make(settings)... took 135.5276ms
[debug] Load.apply: structureIndex took 43.7939ms
[debug] Load.apply: mkStreams took 0.0045ms
[info] set current project to ProjetBigData_V4 (in build file:/C:/Users/TeiTei/Documents/M2BI-2022/Big_Data/ProjetBigData_V4/)
[debug] > Exec(sbtPopOnFailure, None, None)
[debug] > Exec(resumeFromFailure, None, None)
[debug] > Exec(notifyUsersAboutShell, None, None)
[debug] > Exec(iflast shell, None, None)
[debug] > Exec(shell, None, None)
[info] sbt server started at local:sbt-server-0603fa75b6023d62e00f
[debug] Writing bsp connection file
[info] started sbt server
